2023-02-10T14:40:08.811+0800 [DEBUG] [org.gradle.launcher.daemon.bootstrap.DaemonMain] Assuming the daemon was started with following jvm opts: [--add-opens, java.base/java.util=ALL-UNNAMED, --add-opens, java.base/java.lang=ALL-UNNAMED, --add-opens, java.base/java.lang.invoke=ALL-UNNAMED, --add-opens, java.base/java.util=ALL-UNNAMED, --add-opens, java.prefs/java.util.prefs=ALL-UNNAMED, --add-opens, java.prefs/java.util.prefs=ALL-UNNAMED, --add-opens, java.base/java.nio.charset=ALL-UNNAMED, --add-opens, java.base/java.net=ALL-UNNAMED, --add-opens, java.base/java.util.concurrent.atomic=ALL-UNNAMED, -Xmx2048m, -Dfile.encoding=UTF-8, -Duser.country=PH, -Duser.language=en, -Duser.variant]
2023-02-10T14:40:08.964+0800 [DEBUG] [org.gradle.internal.nativeintegration.services.NativeServices] Native-platform posix files integration is not available. Continuing with fallback.
2023-02-10T14:40:08.975+0800 [INFO] [org.gradle.launcher.daemon.server.Daemon] start() called on daemon - DefaultDaemonContext[uid=74a88cce-c5b1-42ec-9911-ef8f68348503,javaHome=C:\Program Files\Android\Android Studio\jbr,daemonRegistryDir=C:\Users\Ronnel\Activity\daemon,pid=5944,idleTimeout=10800000,priority=NORMAL,daemonOpts=--add-opens,java.base/java.util=ALL-UNNAMED,--add-opens,java.base/java.lang=ALL-UNNAMED,--add-opens,java.base/java.lang.invoke=ALL-UNNAMED,--add-opens,java.base/java.util=ALL-UNNAMED,--add-opens,java.prefs/java.util.prefs=ALL-UNNAMED,--add-opens,java.prefs/java.util.prefs=ALL-UNNAMED,--add-opens,java.base/java.nio.charset=ALL-UNNAMED,--add-opens,java.base/java.net=ALL-UNNAMED,--add-opens,java.base/java.util.concurrent.atomic=ALL-UNNAMED,-Xmx2048m,-Dfile.encoding=UTF-8,-Duser.country=PH,-Duser.language=en,-Duser.variant]
2023-02-10T14:40:09.246+0800 [DEBUG] [org.gradle.internal.remote.internal.inet.InetAddresses] Adding IP addresses for network interface Software Loopback Interface 1
2023-02-10T14:40:09.247+0800 [DEBUG] [org.gradle.internal.remote.internal.inet.InetAddresses] Is this a loopback interface? true
2023-02-10T14:40:09.248+0800 [DEBUG] [org.gradle.internal.remote.internal.inet.InetAddresses] Adding loopback address /127.0.0.1
2023-02-10T14:40:09.248+0800 [DEBUG] [org.gradle.internal.remote.internal.inet.InetAddresses] Adding loopback address /0:0:0:0:0:0:0:1
2023-02-10T14:40:09.248+0800 [DEBUG] [org.gradle.internal.remote.internal.inet.InetAddresses] Adding IP addresses for network interface WAN Miniport (PPPOE)
2023-02-10T14:40:09.250+0800 [DEBUG] [org.gradle.internal.remote.internal.inet.InetAddresses] Is this a loopback interface? false
2023-02-10T14:40:09.250+0800 [DEBUG] [org.gradle.internal.remote.internal.inet.InetAddresses] Adding IP addresses for network interface Microsoft 6to4 Adapter
2023-02-10T14:40:09.252+0800 [DEBUG] [org.gradle.internal.remote.internal.inet.InetAddresses] Is this a loopback interface? false
2023-02-10T14:40:09.252+0800 [DEBUG] [org.gradle.internal.remote.internal.inet.InetAddresses] Adding IP addresses for network interface WAN Miniport (IPv6)
2023-02-10T14:40:09.254+0800 [DEBUG] [org.gradle.internal.remote.internal.inet.InetAddresses] Is this a loopback interface? false
2023-02-10T14:40:09.254+0800 [DEBUG] [org.gradle.internal.remote.internal.inet.InetAddresses] Adding IP addresses for network interface Microsoft Kernel Debug Network Adapter
2023-02-10T14:40:09.256+0800 [DEBUG] [org.gradle.internal.remote.internal.inet.InetAddresses] Is this a loopback interface? false
2023-02-10T14:40:09.256+0800 [DEBUG] [org.gradle.internal.remote.internal.inet.InetAddresses] Adding IP addresses for network interface Microsoft IP-HTTPS Platform Adapter
2023-02-10T14:40:09.257+0800 [DEBUG] [org.gradle.internal.remote.internal.inet.InetAddresses] Is this a loopback interface? false
2023-02-10T14:40:09.258+0800 [DEBUG] [org.gradle.internal.remote.internal.inet.InetAddresses] Adding IP addresses for network interface WAN Miniport (IKEv2)
2023-02-10T14:40:09.259+0800 [DEBUG] [org.gradle.internal.remote.internal.inet.InetAddresses] Is this a loopback interface? false
2023-02-10T14:40:09.259+0800 [DEBUG] [org.gradle.internal.remote.internal.inet.InetAddresses] Adding IP addresses for network interface WAN Miniport (SSTP)
2023-02-10T14:40:09.261+0800 [DEBUG] [org.gradle.internal.remote.internal.inet.InetAddresses] Is this a loopback interface? false
2023-02-10T14:40:09.261+0800 [DEBUG] [org.gradle.internal.remote.internal.inet.InetAddresses] Adding IP addresses for network interface WAN Miniport (IP)
2023-02-10T14:40:09.263+0800 [DEBUG] [org.gradle.internal.remote.internal.inet.InetAddresses] Is this a loopback interface? false
2023-02-10T14:40:09.263+0800 [DEBUG] [org.gradle.internal.remote.internal.inet.InetAddresses] Adding IP addresses for network interface WAN Miniport (PPTP)
2023-02-10T14:40:09.264+0800 [DEBUG] [org.gradle.internal.remote.internal.inet.InetAddresses] Is this a loopback interface? false
2023-02-10T14:40:09.264+0800 [DEBUG] [org.gradle.internal.remote.internal.inet.InetAddresses] Adding IP addresses for network interface WAN Miniport (Network Monitor)
2023-02-10T14:40:09.266+0800 [DEBUG] [org.gradle.internal.remote.internal.inet.InetAddresses] Is this a loopback interface? false
2023-02-10T14:40:09.266+0800 [DEBUG] [org.gradle.internal.remote.internal.inet.InetAddresses] Adding IP addresses for network interface Intel(R) Ethernet Connection (11) I219-LM
2023-02-10T14:40:09.268+0800 [DEBUG] [org.gradle.internal.remote.internal.inet.InetAddresses] Is this a loopback interface? false
2023-02-10T14:40:09.268+0800 [DEBUG] [org.gradle.internal.remote.internal.inet.InetAddresses] Adding remote address /fe80:0:0:0:be04:7c2e:e258:f9e2%eth4
2023-02-10T14:40:09.268+0800 [DEBUG] [org.gradle.internal.remote.internal.inet.InetAddresses] Adding IP addresses for network interface Microsoft Teredo Tunneling Adapter
2023-02-10T14:40:09.269+0800 [DEBUG] [org.gradle.internal.remote.internal.inet.InetAddresses] Is this a loopback interface? false
2023-02-10T14:40:09.270+0800 [DEBUG] [org.gradle.internal.remote.internal.inet.InetAddresses] Adding IP addresses for network interface Microsoft Wi-Fi Direct Virtual Adapter #2
2023-02-10T14:40:09.271+0800 [DEBUG] [org.gradle.internal.remote.internal.inet.InetAddresses] Is this a loopback interface? false
2023-02-10T14:40:09.271+0800 [DEBUG] [org.gradle.internal.remote.internal.inet.InetAddresses] Adding remote address /fe80:0:0:0:bb0e:6fa6:6a57:6ccf%wlan0
2023-02-10T14:40:09.271+0800 [DEBUG] [org.gradle.internal.remote.internal.inet.InetAddresses] Adding IP addresses for network interface Intel(R) Wi-Fi 6 AX201 160MHz
2023-02-10T14:40:09.273+0800 [DEBUG] [org.gradle.internal.remote.internal.inet.InetAddresses] Is this a loopback interface? false
2023-02-10T14:40:09.274+0800 [DEBUG] [org.gradle.internal.remote.internal.inet.InetAddresses] Adding remote address /192.168.43.196
2023-02-10T14:40:09.274+0800 [DEBUG] [org.gradle.internal.remote.internal.inet.InetAddresses] Adding remote address /fe80:0:0:0:3a09:ffd:c52f:2a71%wlan1
2023-02-10T14:40:09.274+0800 [DEBUG] [org.gradle.internal.remote.internal.inet.InetAddresses] Adding IP addresses for network interface Microsoft Wi-Fi Direct Virtual Adapter
2023-02-10T14:40:09.275+0800 [DEBUG] [org.gradle.internal.remote.internal.inet.InetAddresses] Is this a loopback interface? false
2023-02-10T14:40:09.276+0800 [DEBUG] [org.gradle.internal.remote.internal.inet.InetAddresses] Adding remote address /fe80:0:0:0:d9d1:3d62:2a8c:5546%wlan2
2023-02-10T14:40:09.276+0800 [DEBUG] [org.gradle.internal.remote.internal.inet.InetAddresses] Adding IP addresses for network interface WAN Miniport (L2TP)
2023-02-10T14:40:09.277+0800 [DEBUG] [org.gradle.internal.remote.internal.inet.InetAddresses] Is this a loopback interface? false
2023-02-10T14:40:09.277+0800 [DEBUG] [org.gradle.internal.remote.internal.inet.InetAddresses] Adding IP addresses for network interface Bluetooth Device (Personal Area Network)
2023-02-10T14:40:09.279+0800 [DEBUG] [org.gradle.internal.remote.internal.inet.InetAddresses] Is this a loopback interface? false
2023-02-10T14:40:09.279+0800 [DEBUG] [org.gradle.internal.remote.internal.inet.InetAddresses] Adding IP addresses for network interface Intel(R) Ethernet Connection (11) I219-LM-WFP Native MAC Layer LightWeight Filter-0000
2023-02-10T14:40:09.283+0800 [DEBUG] [org.gradle.internal.remote.internal.inet.InetAddresses] Is this a loopback interface? false
2023-02-10T14:40:09.284+0800 [DEBUG] [org.gradle.internal.remote.internal.inet.InetAddresses] Adding IP addresses for network interface Intel(R) Ethernet Connection (11) I219-LM-QoS Packet Scheduler-0000
2023-02-10T14:40:09.285+0800 [DEBUG] [org.gradle.internal.remote.internal.inet.InetAddresses] Is this a loopback interface? false
2023-02-10T14:40:09.285+0800 [DEBUG] [org.gradle.internal.remote.internal.inet.InetAddresses] Adding IP addresses for network interface Intel(R) Ethernet Connection (11) I219-LM-WFP 802.3 MAC Layer LightWeight Filter-0000
2023-02-10T14:40:09.287+0800 [DEBUG] [org.gradle.internal.remote.internal.inet.InetAddresses] Is this a loopback interface? false
2023-02-10T14:40:09.287+0800 [DEBUG] [org.gradle.internal.remote.internal.inet.InetAddresses] Adding IP addresses for network interface Intel(R) Wi-Fi 6 AX201 160MHz-WFP Native MAC Layer LightWeight Filter-0000
2023-02-10T14:40:09.288+0800 [DEBUG] [org.gradle.internal.remote.internal.inet.InetAddresses] Is this a loopback interface? false
2023-02-10T14:40:09.289+0800 [DEBUG] [org.gradle.internal.remote.internal.inet.InetAddresses] Adding IP addresses for network interface Intel(R) Wi-Fi 6 AX201 160MHz-Virtual WiFi Filter Driver-0000
2023-02-10T14:40:09.290+0800 [DEBUG] [org.gradle.internal.remote.internal.inet.InetAddresses] Is this a loopback interface? false
2023-02-10T14:40:09.290+0800 [DEBUG] [org.gradle.internal.remote.internal.inet.InetAddresses] Adding IP addresses for network interface Intel(R) Wi-Fi 6 AX201 160MHz-Native WiFi Filter Driver-0000
2023-02-10T14:40:09.292+0800 [DEBUG] [org.gradle.internal.remote.internal.inet.InetAddresses] Is this a loopback interface? false
2023-02-10T14:40:09.292+0800 [DEBUG] [org.gradle.internal.remote.internal.inet.InetAddresses] Adding IP addresses for network interface Intel(R) Wi-Fi 6 AX201 160MHz-QoS Packet Scheduler-0000
2023-02-10T14:40:09.293+0800 [DEBUG] [org.gradle.internal.remote.internal.inet.InetAddresses] Is this a loopback interface? false
2023-02-10T14:40:09.294+0800 [DEBUG] [org.gradle.internal.remote.internal.inet.InetAddresses] Adding IP addresses for network interface Intel(R) Wi-Fi 6 AX201 160MHz-WFP 802.3 MAC Layer LightWeight Filter-0000
2023-02-10T14:40:09.295+0800 [DEBUG] [org.gradle.internal.remote.internal.inet.InetAddresses] Is this a loopback interface? false
2023-02-10T14:40:09.295+0800 [DEBUG] [org.gradle.internal.remote.internal.inet.InetAddresses] Adding IP addresses for network interface Microsoft Wi-Fi Direct Virtual Adapter-WFP Native MAC Layer LightWeight Filter-0000
2023-02-10T14:40:09.297+0800 [DEBUG] [org.gradle.internal.remote.internal.inet.InetAddresses] Is this a loopback interface? false
2023-02-10T14:40:09.297+0800 [DEBUG] [org.gradle.internal.remote.internal.inet.InetAddresses] Adding IP addresses for network interface Microsoft Wi-Fi Direct Virtual Adapter-Native WiFi Filter Driver-0000
2023-02-10T14:40:09.298+0800 [DEBUG] [org.gradle.internal.remote.internal.inet.InetAddresses] Is this a loopback interface? false
2023-02-10T14:40:09.299+0800 [DEBUG] [org.gradle.internal.remote.internal.inet.InetAddresses] Adding IP addresses for network interface Microsoft Wi-Fi Direct Virtual Adapter-QoS Packet Scheduler-0000
2023-02-10T14:40:09.300+0800 [DEBUG] [org.gradle.internal.remote.internal.inet.InetAddresses] Is this a loopback interface? false
2023-02-10T14:40:09.300+0800 [DEBUG] [org.gradle.internal.remote.internal.inet.InetAddresses] Adding IP addresses for network interface Microsoft Wi-Fi Direct Virtual Adapter-WFP 802.3 MAC Layer LightWeight Filter-0000
2023-02-10T14:40:09.302+0800 [DEBUG] [org.gradle.internal.remote.internal.inet.InetAddresses] Is this a loopback interface? false
2023-02-10T14:40:09.302+0800 [DEBUG] [org.gradle.internal.remote.internal.inet.InetAddresses] Adding IP addresses for network interface Microsoft Wi-Fi Direct Virtual Adapter #2-WFP Native MAC Layer LightWeight Filter-0000
2023-02-10T14:40:09.303+0800 [DEBUG] [org.gradle.internal.remote.internal.inet.InetAddresses] Is this a loopback interface? false
2023-02-10T14:40:09.303+0800 [DEBUG] [org.gradle.internal.remote.internal.inet.InetAddresses] Adding IP addresses for network interface Microsoft Wi-Fi Direct Virtual Adapter #2-Native WiFi Filter Driver-0000
2023-02-10T14:40:09.305+0800 [DEBUG] [org.gradle.internal.remote.internal.inet.InetAddresses] Is this a loopback interface? false
2023-02-10T14:40:09.305+0800 [DEBUG] [org.gradle.internal.remote.internal.inet.InetAddresses] Adding IP addresses for network interface Microsoft Wi-Fi Direct Virtual Adapter #2-QoS Packet Scheduler-0000
2023-02-10T14:40:09.306+0800 [DEBUG] [org.gradle.internal.remote.internal.inet.InetAddresses] Is this a loopback interface? false
2023-02-10T14:40:09.307+0800 [DEBUG] [org.gradle.internal.remote.internal.inet.InetAddresses] Adding IP addresses for network interface Microsoft Wi-Fi Direct Virtual Adapter #2-WFP 802.3 MAC Layer LightWeight Filter-0000
2023-02-10T14:40:09.308+0800 [DEBUG] [org.gradle.internal.remote.internal.inet.InetAddresses] Is this a loopback interface? false
2023-02-10T14:40:09.308+0800 [DEBUG] [org.gradle.internal.remote.internal.inet.InetAddresses] Adding IP addresses for network interface WAN Miniport (IP)-WFP Native MAC Layer LightWeight Filter-0000
2023-02-10T14:40:09.310+0800 [DEBUG] [org.gradle.internal.remote.internal.inet.InetAddresses] Is this a loopback interface? false
2023-02-10T14:40:09.310+0800 [DEBUG] [org.gradle.internal.remote.internal.inet.InetAddresses] Adding IP addresses for network interface WAN Miniport (IP)-QoS Packet Scheduler-0000
2023-02-10T14:40:09.311+0800 [DEBUG] [org.gradle.internal.remote.internal.inet.InetAddresses] Is this a loopback interface? false
2023-02-10T14:40:09.311+0800 [DEBUG] [org.gradle.internal.remote.internal.inet.InetAddresses] Adding IP addresses for network interface WAN Miniport (IPv6)-WFP Native MAC Layer LightWeight Filter-0000
2023-02-10T14:40:09.313+0800 [DEBUG] [org.gradle.internal.remote.internal.inet.InetAddresses] Is this a loopback interface? false
2023-02-10T14:40:09.313+0800 [DEBUG] [org.gradle.internal.remote.internal.inet.InetAddresses] Adding IP addresses for network interface WAN Miniport (IPv6)-QoS Packet Scheduler-0000
2023-02-10T14:40:09.314+0800 [DEBUG] [org.gradle.internal.remote.internal.inet.InetAddresses] Is this a loopback interface? false
2023-02-10T14:40:09.314+0800 [DEBUG] [org.gradle.internal.remote.internal.inet.InetAddresses] Adding IP addresses for network interface WAN Miniport (Network Monitor)-WFP Native MAC Layer LightWeight Filter-0000
2023-02-10T14:40:09.316+0800 [DEBUG] [org.gradle.internal.remote.internal.inet.InetAddresses] Is this a loopback interface? false
2023-02-10T14:40:09.316+0800 [DEBUG] [org.gradle.internal.remote.internal.inet.InetAddresses] Adding IP addresses for network interface WAN Miniport (Network Monitor)-QoS Packet Scheduler-0000
2023-02-10T14:40:09.317+0800 [DEBUG] [org.gradle.internal.remote.internal.inet.InetAddresses] Is this a loopback interface? false
2023-02-10T14:40:09.319+0800 [DEBUG] [org.gradle.internal.remote.internal.inet.TcpIncomingConnector] Listening on [5f0cfd66-68c8-4edf-8ec8-f1ff2b272b61 port:61243, addresses:[localhost/127.0.0.1]].
2023-02-10T14:40:09.326+0800 [DEBUG] [org.gradle.launcher.daemon.server.Daemon] Daemon starting at: Fri Feb 10 14:40:09 CST 2023, with address: [5f0cfd66-68c8-4edf-8ec8-f1ff2b272b61 port:61243, addresses:[localhost/127.0.0.1]]
2023-02-10T14:40:09.326+0800 [INFO] [org.gradle.launcher.daemon.server.DaemonRegistryUpdater] Advertising the daemon address to the clients: [5f0cfd66-68c8-4edf-8ec8-f1ff2b272b61 port:61243, addresses:[localhost/127.0.0.1]]
2023-02-10T14:40:09.326+0800 [DEBUG] [org.gradle.launcher.daemon.server.DaemonRegistryUpdater] Advertised daemon context: DefaultDaemonContext[uid=74a88cce-c5b1-42ec-9911-ef8f68348503,javaHome=C:\Program Files\Android\Android Studio\jbr,daemonRegistryDir=C:\Users\Ronnel\Activity\daemon,pid=5944,idleTimeout=10800000,priority=NORMAL,daemonOpts=--add-opens,java.base/java.util=ALL-UNNAMED,--add-opens,java.base/java.lang=ALL-UNNAMED,--add-opens,java.base/java.lang.invoke=ALL-UNNAMED,--add-opens,java.base/java.util=ALL-UNNAMED,--add-opens,java.prefs/java.util.prefs=ALL-UNNAMED,--add-opens,java.prefs/java.util.prefs=ALL-UNNAMED,--add-opens,java.base/java.nio.charset=ALL-UNNAMED,--add-opens,java.base/java.net=ALL-UNNAMED,--add-opens,java.base/java.util.concurrent.atomic=ALL-UNNAMED,-Xmx2048m,-Dfile.encoding=UTF-8,-Duser.country=PH,-Duser.language=en,-Duser.variant]
2023-02-10T14:40:09.327+0800 [DEBUG] [org.gradle.launcher.daemon.registry.PersistentDaemonRegistry] Storing daemon address: [5f0cfd66-68c8-4edf-8ec8-f1ff2b272b61 port:61243, addresses:[localhost/127.0.0.1]], context: DefaultDaemonContext[uid=74a88cce-c5b1-42ec-9911-ef8f68348503,javaHome=C:\Program Files\Android\Android Studio\jbr,daemonRegistryDir=C:\Users\Ronnel\Activity\daemon,pid=5944,idleTimeout=10800000,priority=NORMAL,daemonOpts=--add-opens,java.base/java.util=ALL-UNNAMED,--add-opens,java.base/java.lang=ALL-UNNAMED,--add-opens,java.base/java.lang.invoke=ALL-UNNAMED,--add-opens,java.base/java.util=ALL-UNNAMED,--add-opens,java.prefs/java.util.prefs=ALL-UNNAMED,--add-opens,java.prefs/java.util.prefs=ALL-UNNAMED,--add-opens,java.base/java.nio.charset=ALL-UNNAMED,--add-opens,java.base/java.net=ALL-UNNAMED,--add-opens,java.base/java.util.concurrent.atomic=ALL-UNNAMED,-Xmx2048m,-Dfile.encoding=UTF-8,-Duser.country=PH,-Duser.language=en,-Duser.variant]
2023-02-10T14:40:09.335+0800 [DEBUG] [org.gradle.cache.internal.DefaultFileLockManager] Waiting to acquire exclusive lock on daemon addresses registry.
2023-02-10T14:40:09.339+0800 [DEBUG] [org.gradle.cache.internal.DefaultFileLockManager] Lock acquired on daemon addresses registry.
2023-02-10T14:40:09.344+0800 [DEBUG] [org.gradle.cache.internal.DefaultFileLockManager] Releasing lock on daemon addresses registry.
2023-02-10T14:40:09.345+0800 [LIFECYCLE] [org.gradle.launcher.daemon.server.Daemon] Daemon server started.
2023-02-10T14:40:09.346+0800 [DEBUG] [org.gradle.launcher.daemon.bootstrap.DaemonStartupCommunication] Completed writing the daemon greeting. Closing streams...
2023-02-10T14:40:09.350+0800 [DEBUG] [org.gradle.internal.remote.internal.inet.TcpIncomingConnector] Accepted connection from /127.0.0.1:61244 to /127.0.0.1:61243.
2023-02-10T14:40:09.352+0800 [DEBUG] [org.gradle.launcher.daemon.server.Daemon] stopOnExpiration() called on daemon
2023-02-10T14:40:09.353+0800 [DEBUG] [org.gradle.launcher.daemon.server.Daemon] awaitExpiration() called on daemon
2023-02-10T14:40:09.354+0800 [DEBUG] [org.gradle.launcher.daemon.server.DaemonStateCoordinator] daemon is running. Sleeping until state changes.
2023-02-10T14:40:09.404+0800 [DEBUG] [org.gradle.launcher.daemon.server.SynchronizedDispatchConnection] thread 20: received class org.gradle.launcher.daemon.protocol.Build
2023-02-10T14:40:09.404+0800 [DEBUG] [org.gradle.launcher.daemon.server.DefaultDaemonConnection] thread 20: Received non-IO message from client: Build{id=b8d1aeb8-fa3d-4c8e-973b-9f12b3ac0236, currentDir=C:\Users\Ronnel\Activity}
2023-02-10T14:40:09.404+0800 [INFO] [org.gradle.launcher.daemon.server.DefaultIncomingConnectionHandler] Received command: Build{id=b8d1aeb8-fa3d-4c8e-973b-9f12b3ac0236, currentDir=C:\Users\Ronnel\Activity}.
2023-02-10T14:40:09.404+0800 [DEBUG] [org.gradle.launcher.daemon.server.DefaultIncomingConnectionHandler] Starting executing command: Build{id=b8d1aeb8-fa3d-4c8e-973b-9f12b3ac0236, currentDir=C:\Users\Ronnel\Activity} with connection: socket connection from /127.0.0.1:61243 to /127.0.0.1:61244.
2023-02-10T14:40:09.408+0800 [DEBUG] [org.gradle.launcher.daemon.server.DaemonStateCoordinator] Command execution: started DaemonCommandExecution[command = Build{id=b8d1aeb8-fa3d-4c8e-973b-9f12b3ac0236, currentDir=C:\Users\Ronnel\Activity}, connection = DefaultDaemonConnection: socket connection from /127.0.0.1:61243 to /127.0.0.1:61244] after 0.0 minutes of idle
2023-02-10T14:40:09.408+0800 [INFO] [org.gradle.launcher.daemon.server.DaemonRegistryUpdater] Marking the daemon as busy, address: [5f0cfd66-68c8-4edf-8ec8-f1ff2b272b61 port:61243, addresses:[localhost/127.0.0.1]]
2023-02-10T14:40:09.408+0800 [DEBUG] [org.gradle.launcher.daemon.registry.PersistentDaemonRegistry] Marking busy by address: [5f0cfd66-68c8-4edf-8ec8-f1ff2b272b61 port:61243, addresses:[localhost/127.0.0.1]]
2023-02-10T14:40:09.409+0800 [DEBUG] [org.gradle.cache.internal.DefaultFileLockManager] Waiting to acquire exclusive lock on daemon addresses registry.
2023-02-10T14:40:09.409+0800 [DEBUG] [org.gradle.cache.internal.DefaultFileLockManager] Lock acquired on daemon addresses registry.
2023-02-10T14:40:09.410+0800 [DEBUG] [org.gradle.cache.internal.DefaultFileLockManager] Releasing lock on daemon addresses registry.
2023-02-10T14:40:09.411+0800 [DEBUG] [org.gradle.launcher.daemon.server.DaemonStateCoordinator] resetting idle timer
2023-02-10T14:40:09.411+0800 [DEBUG] [org.gradle.launcher.daemon.server.DaemonStateCoordinator] daemon is running. Sleeping until state changes.
2023-02-10T14:40:09.412+0800 [INFO] [org.gradle.launcher.daemon.server.exec.StartBuildOrRespondWithBusy] Daemon is about to start building Build{id=b8d1aeb8-fa3d-4c8e-973b-9f12b3ac0236, currentDir=C:\Users\Ronnel\Activity}. Dispatching build started information...
2023-02-10T14:40:09.412+0800 [DEBUG] [org.gradle.launcher.daemon.server.SynchronizedDispatchConnection] thread 22: dispatching org.gradle.launcher.daemon.protocol.BuildStarted@25d30db7
2023-02-10T14:40:09.413+0800 [DEBUG] [org.gradle.launcher.daemon.server.SynchronizedDispatchConnection] thread 20: received class org.gradle.launcher.daemon.protocol.CloseInput
2023-02-10T14:40:09.413+0800 [DEBUG] [org.gradle.launcher.daemon.server.DefaultDaemonConnection] thread 20: Received IO message from client: org.gradle.launcher.daemon.protocol.CloseInput@765a244c
2023-02-10T14:40:09.414+0800 [DEBUG] [org.gradle.launcher.daemon.server.exec.EstablishBuildEnvironment] Configuring env variables: [USERDOMAIN_ROAMINGPROFILE, PROCESSOR_LEVEL, SESSIONNAME, ALLUSERSPROFILE, PROCESSOR_ARCHITECTURE, PSModulePath, SystemDrive, USERNAME, ProgramFiles(x86), FPS_BROWSER_USER_PROFILE_STRING, PATHEXT, DriverData, OneDriveConsumer, IntelliJ IDEA Community Edition, ProgramData, ProgramW6432, HOMEPATH, PROCESSOR_IDENTIFIER, ProgramFiles, PUBLIC, windir, =::, JAVE_HOME, ZES_ENABLE_SYSMAN, LOCALAPPDATA, IntelliJ IDEA, USERDOMAIN, LOGONSERVER, FPS_BROWSER_APP_PROFILE_STRING, JAVA_HOME, OneDrive, APPDATA, GTK_BASEPATH, CommonProgramFiles, Path, OS, COMPUTERNAME, PROCESSOR_REVISION, CommonProgramW6432, ComSpec, TEMP, SystemRoot, HOMEDRIVE, USERPROFILE, TMP, CommonProgramFiles(x86), NUMBER_OF_PROCESSORS, IDEA_INITIAL_DIRECTORY]
2023-02-10T14:40:09.419+0800 [DEBUG] [org.gradle.launcher.daemon.server.exec.LogToClient] About to start relaying all logs to the client via the connection.
2023-02-10T14:40:09.419+0800 [INFO] [org.gradle.launcher.daemon.server.exec.LogToClient] The client will now receive all logging from the daemon (pid: 5944). The daemon log file: C:\Users\Ronnel\Activity\daemon\7.5\daemon-5944.out.log
2023-02-10T14:40:09.421+0800 [INFO] [org.gradle.launcher.daemon.server.exec.LogAndCheckHealth] Starting build in new daemon [memory: 2 GiB]
2023-02-10T14:40:09.422+0800 [INFO] [org.gradle.launcher.daemon.server.exec.ForwardClientInput] Closing daemon's stdin at end of input.
2023-02-10T14:40:09.422+0800 [INFO] [org.gradle.launcher.daemon.server.exec.ForwardClientInput] The daemon will no longer process any standard input.
2023-02-10T14:40:09.427+0800 [DEBUG] [org.gradle.launcher.daemon.server.exec.ExecuteBuild] The daemon has started executing the build.
2023-02-10T14:40:09.427+0800 [DEBUG] [org.gradle.launcher.daemon.server.exec.ExecuteBuild] Executing build with daemon context: DefaultDaemonContext[uid=74a88cce-c5b1-42ec-9911-ef8f68348503,javaHome=C:\Program Files\Android\Android Studio\jbr,daemonRegistryDir=C:\Users\Ronnel\Activity\daemon,pid=5944,idleTimeout=10800000,priority=NORMAL,daemonOpts=--add-opens,java.base/java.util=ALL-UNNAMED,--add-opens,java.base/java.lang=ALL-UNNAMED,--add-opens,java.base/java.lang.invoke=ALL-UNNAMED,--add-opens,java.base/java.util=ALL-UNNAMED,--add-opens,java.prefs/java.util.prefs=ALL-UNNAMED,--add-opens,java.prefs/java.util.prefs=ALL-UNNAMED,--add-opens,java.base/java.nio.charset=ALL-UNNAMED,--add-opens,java.base/java.net=ALL-UNNAMED,--add-opens,java.base/java.util.concurrent.atomic=ALL-UNNAMED,-Xmx2048m,-Dfile.encoding=UTF-8,-Duser.country=PH,-Duser.language=en,-Duser.variant]

BUILD SUCCESSFUL in 14s
2023-02-10T14:40:21.023+0800 [DEBUG] [org.gradle.launcher.daemon.server.exec.ExecuteBuild] The daemon has finished executing the build.
2023-02-10T14:40:21.041+0800 [DEBUG] [org.gradle.launcher.daemon.server.DaemonStateCoordinator] daemon is running. Sleeping until state changes.
2023-02-10T14:40:21.041+0800 [DEBUG] [org.gradle.launcher.daemon.server.DaemonStateCoordinator] Command execution: finished waiting for DaemonCommandExecution[command = Build{id=b8d1aeb8-fa3d-4c8e-973b-9f12b3ac0236, currentDir=C:\Users\Ronnel\Activity}, connection = DefaultDaemonConnection: socket connection from /127.0.0.1:61243 to /127.0.0.1:61244]. Result org.gradle.launcher.daemon.server.DaemonStateCoordinator@115ee8b5 with state Busy
2023-02-10T14:40:21.041+0800 [DEBUG] [org.gradle.launcher.daemon.server.DaemonStateCoordinator] Command execution: completed DaemonCommandExecution[command = Build{id=b8d1aeb8-fa3d-4c8e-973b-9f12b3ac0236, currentDir=C:\Users\Ronnel\Activity}, connection = DefaultDaemonConnection: socket connection from /127.0.0.1:61243 to /127.0.0.1:61244]
2023-02-10T14:40:21.041+0800 [DEBUG] [org.gradle.launcher.daemon.server.DaemonStateCoordinator] resetting idle timer
2023-02-10T14:40:21.042+0800 [INFO] [org.gradle.launcher.daemon.server.DaemonRegistryUpdater] Marking the daemon as idle, address: [5f0cfd66-68c8-4edf-8ec8-f1ff2b272b61 port:61243, addresses:[localhost/127.0.0.1]]
2023-02-10T14:40:21.042+0800 [DEBUG] [org.gradle.launcher.daemon.registry.PersistentDaemonRegistry] Marking busy by address: [5f0cfd66-68c8-4edf-8ec8-f1ff2b272b61 port:61243, addresses:[localhost/127.0.0.1]]
2023-02-10T14:40:21.042+0800 [DEBUG] [org.gradle.cache.internal.DefaultFileLockManager] Waiting to acquire exclusive lock on daemon addresses registry.
2023-02-10T14:40:21.043+0800 [DEBUG] [org.gradle.cache.internal.DefaultFileLockManager] Lock acquired on daemon addresses registry.
2023-02-10T14:40:21.044+0800 [DEBUG] [org.gradle.cache.internal.DefaultFileLockManager] Releasing lock on daemon addresses registry.
2023-02-10T14:40:21.044+0800 [DEBUG] [org.gradle.launcher.daemon.server.DaemonStateCoordinator] daemon is running. Sleeping until state changes.
2023-02-10T14:40:21.044+0800 [DEBUG] [org.gradle.launcher.daemon.server.exec.ReturnResult] Daemon is dispatching the build result: Success[value=org.gradle.launcher.exec.BuildActionResult@ebc6c30]
2023-02-10T14:40:21.044+0800 [DEBUG] [org.gradle.launcher.daemon.server.SynchronizedDispatchConnection] thread 19: dispatching Success[value=org.gradle.launcher.exec.BuildActionResult@ebc6c30]
2023-02-10T14:40:21.045+0800 [DEBUG] [org.gradle.launcher.daemon.server.DefaultIncomingConnectionHandler] Finishing executing command: Build{id=b8d1aeb8-fa3d-4c8e-973b-9f12b3ac0236, currentDir=C:\Users\Ronnel\Activity}
2023-02-10T14:40:21.045+0800 [DEBUG] [org.gradle.launcher.daemon.server.SynchronizedDispatchConnection] thread 20: received class org.gradle.launcher.daemon.protocol.Finished
2023-02-10T14:40:21.045+0800 [DEBUG] [org.gradle.launcher.daemon.server.DefaultDaemonConnection] thread 20: Received non-IO message from client: org.gradle.launcher.daemon.protocol.Finished@54ca30a0
2023-02-10T14:40:21.045+0800 [DEBUG] [org.gradle.launcher.daemon.server.DefaultIncomingConnectionHandler] Received finished message: org.gradle.launcher.daemon.protocol.Finished@54ca30a0
2023-02-10T14:40:21.045+0800 [DEBUG] [org.gradle.launcher.daemon.server.SynchronizedDispatchConnection] thread 19: stopping connection
2023-02-10T14:40:21.045+0800 [DEBUG] [org.gradle.internal.remote.internal.inet.SocketConnection] Discarding EOFException: java.io.EOFException
2023-02-10T14:40:21.046+0800 [DEBUG] [org.gradle.launcher.daemon.server.SynchronizedDispatchConnection] thread 20: received null
2023-02-10T14:40:21.046+0800 [DEBUG] [org.gradle.launcher.daemon.server.DefaultDaemonConnection] thread 20: Received end-of-input from client.
2023-02-10T14:40:21.047+0800 [DEBUG] [org.gradle.launcher.daemon.server.SynchronizedDispatchConnection] thread 19: stopping connection
2023-02-10T14:40:24.913+0800 [DEBUG] [org.gradle.process.internal.health.memory.DefaultMemoryManager] 838359449 memory requested, 570720256 free
2023-02-10T14:40:24.913+0800 [DEBUG] [org.gradle.workers.internal.WorkerDaemonExpiration] Will attempt to release 799 of memory
2023-02-10T14:40:24.914+0800 [DEBUG] [org.gradle.process.internal.health.memory.DefaultMemoryManager] 838359449 memory requested, 0 released, 570720256 free
2023-02-10T14:40:29.356+0800 [DEBUG] [org.gradle.cache.internal.DefaultFileLockManager] Waiting to acquire shared lock on daemon addresses registry.
2023-02-10T14:40:29.357+0800 [DEBUG] [org.gradle.cache.internal.DefaultFileLockManager] Lock acquired on daemon addresses registry.
2023-02-10T14:40:29.357+0800 [DEBUG] [org.gradle.cache.internal.DefaultFileLockManager] Releasing lock on daemon addresses registry.
2023-02-10T14:40:29.358+0800 [DEBUG] [org.gradle.cache.internal.DefaultFileLockManager] Waiting to acquire shared lock on daemon addresses registry.
2023-02-10T14:40:29.358+0800 [DEBUG] [org.gradle.cache.internal.DefaultFileLockManager] Lock acquired on daemon addresses registry.
2023-02-10T14:40:29.358+0800 [DEBUG] [org.gradle.cache.internal.DefaultFileLockManager] Releasing lock on daemon addresses registry.
2023-02-10T14:40:29.922+0800 [DEBUG] [org.gradle.process.internal.health.memory.DefaultMemoryManager] 838359449 memory requested, 511283200 free
2023-02-10T14:40:29.922+0800 [DEBUG] [org.gradle.workers.internal.WorkerDaemonExpiration] Will attempt to release 799 of memory
2023-02-10T14:40:29.922+0800 [DEBUG] [org.gradle.process.internal.health.memory.DefaultMemoryManager] 838359449 memory requested, 0 released, 511283200 free
2023-02-10T14:40:32.867+0800 [DEBUG] [org.gradle.cache.internal.LockOnDemandCrossProcessCacheAccess] Lock on jars (C:\Users\Ronnel\Activity\caches\jars-9) requested by another process - releasing lock.
2023-02-10T14:40:32.867+0800 [DEBUG] [org.gradle.cache.internal.LockOnDemandCrossProcessCacheAccess] Releasing file lock for jars (C:\Users\Ronnel\Activity\caches\jars-9)
2023-02-10T14:40:32.868+0800 [DEBUG] [org.gradle.cache.internal.DefaultFileLockManager] Releasing lock on jars (C:\Users\Ronnel\Activity\caches\jars-9).
2023-02-10T14:40:32.868+0800 [DEBUG] [org.gradle.cache.internal.locklistener.FileLockCommunicator] Confirming lock release to Gradle process at port 52050 for lock with id -3092262974129829039.
2023-02-10T14:40:32.868+0800 [DEBUG] [org.gradle.cache.internal.locklistener.FileLockCommunicator] Confirming lock release to Gradle process at port 52050 for lock with id -3092262974129829039.
2023-02-10T14:40:32.870+0800 [DEBUG] [org.gradle.cache.internal.LockOnDemandCrossProcessCacheAccess] Lock on journal cache (C:\Users\Ronnel\Activity\caches\journal-1) requested by another process - releasing lock.
2023-02-10T14:40:32.870+0800 [DEBUG] [org.gradle.cache.internal.LockOnDemandCrossProcessCacheAccess] Releasing file lock for journal cache (C:\Users\Ronnel\Activity\caches\journal-1)
2023-02-10T14:40:32.870+0800 [DEBUG] [org.gradle.cache.internal.btree.BTreePersistentIndexedCache] Closing cache file-access.bin (C:\Users\Ronnel\Activity\caches\journal-1\file-access.bin)
2023-02-10T14:40:32.870+0800 [DEBUG] [org.gradle.cache.internal.DefaultFileLockManager] Releasing lock on journal cache (C:\Users\Ronnel\Activity\caches\journal-1).
2023-02-10T14:40:32.871+0800 [DEBUG] [org.gradle.cache.internal.locklistener.FileLockCommunicator] Confirming lock release to Gradle process at port 52050 for lock with id 2035848415768819410.
2023-02-10T14:40:32.871+0800 [DEBUG] [org.gradle.cache.internal.locklistener.FileLockCommunicator] Confirming lock release to Gradle process at port 52050 for lock with id 2035848415768819410.
2023-02-10T14:40:32.885+0800 [DEBUG] [org.gradle.cache.internal.LockOnDemandCrossProcessCacheAccess] Lock on file hash cache (C:\Users\Ronnel\Activity\caches\7.5\fileHashes) requested by another process - releasing lock.
2023-02-10T14:40:32.885+0800 [DEBUG] [org.gradle.cache.internal.LockOnDemandCrossProcessCacheAccess] Releasing file lock for file hash cache (C:\Users\Ronnel\Activity\caches\7.5\fileHashes)
2023-02-10T14:40:32.885+0800 [DEBUG] [org.gradle.cache.internal.btree.BTreePersistentIndexedCache] Closing cache fileHashes.bin (C:\Users\Ronnel\Activity\caches\7.5\fileHashes\fileHashes.bin)
2023-02-10T14:40:32.886+0800 [DEBUG] [org.gradle.cache.internal.DefaultFileLockManager] Releasing lock on file hash cache (C:\Users\Ronnel\Activity\caches\7.5\fileHashes).
2023-02-10T14:40:32.887+0800 [DEBUG] [org.gradle.cache.internal.locklistener.FileLockCommunicator] Confirming lock release to Gradle process at port 52050 for lock with id -4467386695273011095.
2023-02-10T14:40:32.887+0800 [DEBUG] [org.gradle.cache.internal.locklistener.FileLockCommunicator] Confirming lock release to Gradle process at port 52050 for lock with id -4467386695273011095.
2023-02-10T14:40:33.020+0800 [DEBUG] [org.gradle.cache.internal.LockOnDemandCrossProcessCacheAccess] Lock on artifact cache (C:\Users\Ronnel\Activity\caches\modules-2) requested by another process - releasing lock.
2023-02-10T14:40:33.020+0800 [DEBUG] [org.gradle.cache.internal.LockOnDemandCrossProcessCacheAccess] Releasing file lock for artifact cache (C:\Users\Ronnel\Activity\caches\modules-2)
2023-02-10T14:40:33.020+0800 [DEBUG] [org.gradle.cache.internal.btree.BTreePersistentIndexedCache] Closing cache module-metadata.bin (C:\Users\Ronnel\Activity\caches\modules-2\metadata-2.99\module-metadata.bin)
2023-02-10T14:40:33.020+0800 [DEBUG] [org.gradle.cache.internal.btree.BTreePersistentIndexedCache] Closing cache module-artifacts.bin (C:\Users\Ronnel\Activity\caches\modules-2\metadata-2.99\module-artifacts.bin)
2023-02-10T14:40:33.020+0800 [DEBUG] [org.gradle.cache.internal.btree.BTreePersistentIndexedCache] Closing cache module-artifact.bin (C:\Users\Ronnel\Activity\caches\modules-2\metadata-2.99\module-artifact.bin)
2023-02-10T14:40:33.021+0800 [DEBUG] [org.gradle.cache.internal.DefaultFileLockManager] Releasing lock on artifact cache (C:\Users\Ronnel\Activity\caches\modules-2).
2023-02-10T14:40:33.021+0800 [DEBUG] [org.gradle.cache.internal.locklistener.FileLockCommunicator] Confirming lock release to Gradle process at port 52050 for lock with id 6515609960088829596.
2023-02-10T14:40:33.022+0800 [DEBUG] [org.gradle.cache.internal.locklistener.FileLockCommunicator] Confirming lock release to Gradle process at port 52050 for lock with id 6515609960088829596.
2023-02-10T14:40:33.487+0800 [DEBUG] [org.gradle.cache.internal.LockOnDemandCrossProcessCacheAccess] Lock on Artifact transforms cache (C:\Users\Ronnel\Activity\caches\transforms-3) requested by another process - releasing lock.
2023-02-10T14:40:33.487+0800 [DEBUG] [org.gradle.cache.internal.LockOnDemandCrossProcessCacheAccess] Releasing file lock for Artifact transforms cache (C:\Users\Ronnel\Activity\caches\transforms-3)
2023-02-10T14:40:33.487+0800 [DEBUG] [org.gradle.cache.internal.DefaultFileLockManager] Releasing lock on Artifact transforms cache (C:\Users\Ronnel\Activity\caches\transforms-3).
2023-02-10T14:40:33.488+0800 [DEBUG] [org.gradle.cache.internal.locklistener.FileLockCommunicator] Confirming lock release to Gradle process at port 52050 for lock with id 4891642800341763878.
2023-02-10T14:40:33.488+0800 [DEBUG] [org.gradle.cache.internal.locklistener.FileLockCommunicator] Confirming lock release to Gradle process at port 52050 for lock with id 4891642800341763878.
2023-02-10T14:40:33.490+0800 [DEBUG] [org.gradle.cache.internal.LockOnDemandCrossProcessCacheAccess] Lock on execution history cache (C:\Users\Ronnel\Activity\caches\7.5\executionHistory) requested by another process - releasing lock.
2023-02-10T14:40:33.490+0800 [DEBUG] [org.gradle.cache.internal.LockOnDemandCrossProcessCacheAccess] Releasing file lock for execution history cache (C:\Users\Ronnel\Activity\caches\7.5\executionHistory)
2023-02-10T14:40:33.490+0800 [DEBUG] [org.gradle.cache.internal.btree.BTreePersistentIndexedCache] Closing cache executionHistory.bin (C:\Users\Ronnel\Activity\caches\7.5\executionHistory\executionHistory.bin)
2023-02-10T14:40:33.491+0800 [DEBUG] [org.gradle.cache.internal.DefaultFileLockManager] Releasing lock on execution history cache (C:\Users\Ronnel\Activity\caches\7.5\executionHistory).
2023-02-10T14:40:33.491+0800 [DEBUG] [org.gradle.cache.internal.locklistener.FileLockCommunicator] Confirming lock release to Gradle process at port 52050 for lock with id 1802755814786011408.
2023-02-10T14:40:33.491+0800 [DEBUG] [org.gradle.cache.internal.locklistener.FileLockCommunicator] Confirming lock release to Gradle process at port 52050 for lock with id 1802755814786011408.
2023-02-10T14:40:34.914+0800 [DEBUG] [org.gradle.process.internal.health.memory.DefaultMemoryManager] 838359449 memory requested, 425549824 free
2023-02-10T14:40:34.915+0800 [DEBUG] [org.gradle.workers.internal.WorkerDaemonExpiration] Will attempt to release 799 of memory
2023-02-10T14:40:34.915+0800 [DEBUG] [org.gradle.process.internal.health.memory.DefaultMemoryManager] 838359449 memory requested, 0 released, 425549824 free
2023-02-10T14:40:38.287+0800 [DEBUG] [org.gradle.internal.remote.internal.inet.TcpIncomingConnector] Accepted connection from /127.0.0.1:61277 to /127.0.0.1:61243.
2023-02-10T14:40:38.293+0800 [DEBUG] [org.gradle.launcher.daemon.server.SynchronizedDispatchConnection] thread 189: received class org.gradle.launcher.daemon.protocol.InvalidateVirtualFileSystem
2023-02-10T14:40:38.293+0800 [DEBUG] [org.gradle.launcher.daemon.server.DefaultDaemonConnection] thread 189: Received non-IO message from client: InvalidateVirtualFileSystem[id=55f3b255-19b9-4af4-9b39-01f59d8daebe]
2023-02-10T14:40:38.293+0800 [INFO] [org.gradle.launcher.daemon.server.DefaultIncomingConnectionHandler] Received command: InvalidateVirtualFileSystem[id=55f3b255-19b9-4af4-9b39-01f59d8daebe].
2023-02-10T14:40:38.294+0800 [DEBUG] [org.gradle.launcher.daemon.server.DefaultIncomingConnectionHandler] Starting executing command: InvalidateVirtualFileSystem[id=55f3b255-19b9-4af4-9b39-01f59d8daebe] with connection: socket connection from /127.0.0.1:61243 to /127.0.0.1:61277.
2023-02-10T14:40:38.294+0800 [INFO] [org.gradle.launcher.daemon.server.api.HandleInvalidateVirtualFileSystem] Invalidating [C:\Users\Ronnel\Activity\app\build.gradle]
2023-02-10T14:40:38.295+0800 [DEBUG] [org.gradle.internal.vfs.impl.AbstractVirtualFileSystem] Invalidating VFS paths: [C:\Users\Ronnel\Activity\app\build.gradle]
2023-02-10T14:40:38.298+0800 [DEBUG] [org.gradle.launcher.daemon.server.SynchronizedDispatchConnection] thread 19: dispatching Success[value=null]
2023-02-10T14:40:38.299+0800 [DEBUG] [org.gradle.launcher.daemon.server.DefaultIncomingConnectionHandler] Finishing executing command: InvalidateVirtualFileSystem[id=55f3b255-19b9-4af4-9b39-01f59d8daebe]
2023-02-10T14:40:38.299+0800 [DEBUG] [org.gradle.launcher.daemon.server.SynchronizedDispatchConnection] thread 189: received class org.gradle.launcher.daemon.protocol.Finished
2023-02-10T14:40:38.299+0800 [DEBUG] [org.gradle.launcher.daemon.server.DefaultDaemonConnection] thread 189: Received non-IO message from client: org.gradle.launcher.daemon.protocol.Finished@70815a20
2023-02-10T14:40:38.299+0800 [DEBUG] [org.gradle.launcher.daemon.server.DefaultIncomingConnectionHandler] Received finished message: org.gradle.launcher.daemon.protocol.Finished@70815a20
2023-02-10T14:40:38.299+0800 [DEBUG] [org.gradle.launcher.daemon.server.SynchronizedDispatchConnection] thread 19: stopping connection
2023-02-10T14:40:38.300+0800 [DEBUG] [org.gradle.internal.remote.internal.inet.SocketConnection] Discarding EOFException: java.io.EOFException
2023-02-10T14:40:38.300+0800 [DEBUG] [org.gradle.launcher.daemon.server.SynchronizedDispatchConnection] thread 189: received null
2023-02-10T14:40:38.300+0800 [DEBUG] [org.gradle.launcher.daemon.server.DefaultDaemonConnection] thread 189: Received end-of-input from client.
2023-02-10T14:40:38.301+0800 [DEBUG] [org.gradle.launcher.daemon.server.SynchronizedDispatchConnection] thread 19: stopping connection
2023-02-10T14:40:39.358+0800 [DEBUG] [org.gradle.cache.internal.DefaultFileLockManager] Waiting to acquire shared lock on daemon addresses registry.
2023-02-10T14:40:39.358+0800 [DEBUG] [org.gradle.cache.internal.DefaultFileLockManager] Lock acquired on daemon addresses registry.
2023-02-10T14:40:39.359+0800 [DEBUG] [org.gradle.cache.internal.DefaultFileLockManager] Releasing lock on daemon addresses registry.
2023-02-10T14:40:39.360+0800 [DEBUG] [org.gradle.cache.internal.DefaultFileLockManager] Waiting to acquire shared lock on daemon addresses registry.
2023-02-10T14:40:39.360+0800 [DEBUG] [org.gradle.cache.internal.DefaultFileLockManager] Lock acquired on daemon addresses registry.
2023-02-10T14:40:39.360+0800 [DEBUG] [org.gradle.cache.internal.DefaultFileLockManager] Releasing lock on daemon addresses registry.
2023-02-10T14:40:39.361+0800 [DEBUG] [org.gradle.cache.internal.DefaultFileLockManager] Waiting to acquire shared lock on daemon addresses registry.
2023-02-10T14:40:39.362+0800 [DEBUG] [org.gradle.cache.internal.DefaultFileLockManager] Lock acquired on daemon addresses registry.
2023-02-10T14:40:39.362+0800 [DEBUG] [org.gradle.cache.internal.DefaultFileLockManager] Releasing lock on daemon addresses registry.
2023-02-10T14:40:39.362+0800 [DEBUG] [org.gradle.launcher.daemon.server.health.LowMemoryDaemonExpirationStrategy] Nearing low memory threshold - OS memory {Total: 8383594496, Free: 425549824}
2023-02-10T14:40:39.363+0800 [DEBUG] [org.gradle.cache.internal.DefaultFileLockManager] Waiting to acquire shared lock on daemon addresses registry.
2023-02-10T14:40:39.363+0800 [DEBUG] [org.gradle.cache.internal.DefaultFileLockManager] Lock acquired on daemon addresses registry.
2023-02-10T14:40:39.363+0800 [DEBUG] [org.gradle.cache.internal.DefaultFileLockManager] Releasing lock on daemon addresses registry.
2023-02-10T14:40:39.364+0800 [DEBUG] [org.gradle.launcher.daemon.server.DaemonRegistryUpdater] Storing daemon stop event: other compatible daemons were started and after being idle for 0 minutes and not recently used
2023-02-10T14:40:39.366+0800 [DEBUG] [org.gradle.launcher.daemon.registry.PersistentDaemonRegistry] Storing daemon stop event with timestamp 1676011239364
2023-02-10T14:40:39.366+0800 [DEBUG] [org.gradle.cache.internal.DefaultFileLockManager] Waiting to acquire exclusive lock on daemon addresses registry.
2023-02-10T14:40:39.367+0800 [DEBUG] [org.gradle.cache.internal.DefaultFileLockManager] Lock acquired on daemon addresses registry.
2023-02-10T14:40:39.368+0800 [DEBUG] [org.gradle.cache.internal.DefaultFileLockManager] Releasing lock on daemon addresses registry.
2023-02-10T14:40:39.369+0800 [LIFECYCLE] [org.gradle.launcher.daemon.server.DaemonStateCoordinator] Daemon will be stopped at the end of the build other compatible daemons were started and after being idle for 0 minutes and not recently used
2023-02-10T14:40:39.369+0800 [DEBUG] [org.gradle.launcher.daemon.server.DaemonStateCoordinator] Marking daemon stopped due to other compatible daemons were started and after being idle for 0 minutes and not recently used. The daemon is running a build: false
2023-02-10T14:40:39.369+0800 [DEBUG] [org.gradle.launcher.daemon.server.DaemonStateCoordinator] daemon has stopped.
2023-02-10T14:40:39.369+0800 [DEBUG] [org.gradle.launcher.daemon.server.Daemon] stop() called on daemon
2023-02-10T14:40:39.369+0800 [INFO] [org.gradle.launcher.daemon.server.Daemon] Stop requested. Daemon is removing its presence from the registry...
2023-02-10T14:40:39.369+0800 [DEBUG] [org.gradle.launcher.daemon.server.DaemonRegistryUpdater] Removing our presence to clients, eg. removing this address from the registry: [5f0cfd66-68c8-4edf-8ec8-f1ff2b272b61 port:61243, addresses:[localhost/127.0.0.1]]
2023-02-10T14:40:39.369+0800 [DEBUG] [org.gradle.launcher.daemon.registry.PersistentDaemonRegistry] Removing daemon address: [5f0cfd66-68c8-4edf-8ec8-f1ff2b272b61 port:61243, addresses:[localhost/127.0.0.1]]
2023-02-10T14:40:39.370+0800 [DEBUG] [org.gradle.cache.internal.DefaultFileLockManager] Waiting to acquire exclusive lock on daemon addresses registry.
2023-02-10T14:40:39.371+0800 [DEBUG] [org.gradle.cache.internal.DefaultFileLockManager] Lock acquired on daemon addresses registry.
2023-02-10T14:40:39.372+0800 [DEBUG] [org.gradle.cache.internal.DefaultFileLockManager] Releasing lock on daemon addresses registry.
2023-02-10T14:40:39.373+0800 [DEBUG] [org.gradle.launcher.daemon.server.DaemonRegistryUpdater] Address removed from registry.
2023-02-10T14:40:39.376+0800 [DEBUG] [org.gradle.cache.internal.DefaultPersistentDirectoryStore] jars (C:\Users\Ronnel\Activity\caches\jars-9) has last been fully cleaned up 64 hours ago
2023-02-10T14:40:39.386+0800 [INFO] [org.gradle.cache.internal.AbstractCacheCleanup] jars (C:\Users\Ronnel\Activity\caches\jars-9) cleanup deleted 0 files/directories.
2023-02-10T14:40:39.387+0800 [INFO] [org.gradle.cache.internal.LeastRecentlyUsedCacheCleanup] jars (C:\Users\Ronnel\Activity\caches\jars-9) removing files not accessed on or after Fri Feb 03 14:40:09 CST 2023.
2023-02-10T14:40:39.389+0800 [DEBUG] [org.gradle.cache.internal.LockOnDemandCrossProcessCacheAccess] Acquiring file lock for journal cache (C:\Users\Ronnel\Activity\caches\journal-1)
2023-02-10T14:40:39.390+0800 [DEBUG] [org.gradle.cache.internal.DefaultFileLockManager] Waiting to acquire exclusive lock on journal cache (C:\Users\Ronnel\Activity\caches\journal-1).
2023-02-10T14:40:39.391+0800 [DEBUG] [org.gradle.cache.internal.DefaultFileLockManager] The file lock for journal cache (C:\Users\Ronnel\Activity\caches\journal-1) is held by a different Gradle process (pid: 12320, lockId: -6123779965111590676). Pinged owner at port 52050
2023-02-10T14:40:39.391+0800 [DEBUG] [org.gradle.cache.internal.locklistener.DefaultFileLockContentionHandler] Gradle process at port 52050 confirmed unlock request for lock with id -6123779965111590676.
2023-02-10T14:40:39.391+0800 [DEBUG] [org.gradle.cache.internal.locklistener.DefaultFileLockContentionHandler] Gradle process at port 52050 confirmed unlock request for lock with id -6123779965111590676.
2023-02-10T14:40:39.392+0800 [DEBUG] [org.gradle.cache.internal.locklistener.DefaultFileLockContentionHandler] Gradle process at port 52050 confirmed lock release for lock with id -6123779965111590676.
2023-02-10T14:40:39.392+0800 [DEBUG] [org.gradle.cache.internal.locklistener.DefaultFileLockContentionHandler] Triggering lock release signal for lock with id -6123779965111590676.
2023-02-10T14:40:39.392+0800 [DEBUG] [org.gradle.cache.internal.locklistener.DefaultFileLockContentionHandler] Gradle process at port 52050 confirmed lock release for lock with id -6123779965111590676.
2023-02-10T14:40:39.393+0800 [DEBUG] [org.gradle.cache.internal.locklistener.DefaultFileLockContentionHandler] Triggering lock release signal for lock with id -6123779965111590676.
2023-02-10T14:40:39.393+0800 [DEBUG] [org.gradle.cache.internal.DefaultFileLockManager] Lock acquired on journal cache (C:\Users\Ronnel\Activity\caches\journal-1).
2023-02-10T14:40:39.393+0800 [INFO] [org.gradle.cache.internal.InMemoryDecoratedCache] Invalidating in-memory cache of C:\Users\Ronnel\Activity\caches\journal-1\file-access.bin
2023-02-10T14:40:39.394+0800 [DEBUG] [org.gradle.cache.internal.btree.BTreePersistentIndexedCache] Opening cache file-access.bin (C:\Users\Ronnel\Activity\caches\journal-1\file-access.bin)
2023-02-10T14:40:39.431+0800 [INFO] [org.gradle.cache.internal.AbstractCacheCleanup] jars (C:\Users\Ronnel\Activity\caches\jars-9) cleanup deleted 4 files/directories.
2023-02-10T14:40:39.432+0800 [INFO] [org.gradle.cache.internal.DefaultPersistentDirectoryStore] jars (C:\Users\Ronnel\Activity\caches\jars-9) cleaned up in 0.055 secs.
2023-02-10T14:40:39.432+0800 [DEBUG] [org.gradle.cache.internal.DefaultCacheAccess] Cache jars (C:\Users\Ronnel\Activity\caches\jars-9) was closed 2 times.
2023-02-10T14:40:39.434+0800 [DEBUG] [org.gradle.cache.internal.DefaultPersistentDirectoryStore] Artifact transforms cache (C:\Users\Ronnel\Activity\caches\transforms-3) has last been fully cleaned up 64 hours ago
2023-02-10T14:40:39.434+0800 [INFO] [org.gradle.cache.internal.LeastRecentlyUsedCacheCleanup] Artifact transforms cache (C:\Users\Ronnel\Activity\caches\transforms-3) removing files not accessed on or after Fri Feb 03 14:40:11 CST 2023.
2023-02-10T14:40:39.927+0800 [DEBUG] [org.gradle.process.internal.health.memory.DefaultMemoryManager] 838359449 memory requested, 377892864 free
2023-02-10T14:40:39.927+0800 [DEBUG] [org.gradle.process.internal.health.memory.DefaultMemoryManager] 838359449 memory requested, 0 released, 377892864 free
2023-02-10T14:40:40.252+0800 [DEBUG] [org.gradle.cache.internal.LockOnDemandCrossProcessCacheAccess] Lock on journal cache (C:\Users\Ronnel\Activity\caches\journal-1) requested by another process - lock is in use and will be released when operation completed.
2023-02-10T14:40:40.288+0800 [INFO] [org.gradle.cache.internal.AbstractCacheCleanup] Artifact transforms cache (C:\Users\Ronnel\Activity\caches\transforms-3) cleanup deleted 298 files/directories.
2023-02-10T14:40:40.289+0800 [INFO] [org.gradle.cache.internal.DefaultPersistentDirectoryStore] Artifact transforms cache (C:\Users\Ronnel\Activity\caches\transforms-3) cleaned up in 0.854 secs.
2023-02-10T14:40:40.298+0800 [DEBUG] [org.gradle.cache.internal.LockOnDemandCrossProcessCacheAccess] Releasing file lock for file content cache (C:\Users\Ronnel\Activity\caches\7.5\fileContent)
2023-02-10T14:40:40.298+0800 [DEBUG] [org.gradle.cache.internal.DefaultFileLockManager] Releasing lock on file content cache (C:\Users\Ronnel\Activity\caches\7.5\fileContent).
2023-02-10T14:40:40.299+0800 [DEBUG] [org.gradle.internal.watch.vfs.impl.WatchingVirtualFileSystem] Closing VFS, dropping state
2023-02-10T14:40:40.300+0800 [DEBUG] [org.gradle.cache.internal.DefaultCacheAccess] Cache Generated Gradle JARs cache (C:\Users\Ronnel\Activity\caches\7.5\generated-gradle-jars) was closed 0 times.
2023-02-10T14:40:40.300+0800 [DEBUG] [org.gradle.internal.watch.registry.impl.DefaultFileWatcherRegistry] Finished listening to file system change events
2023-02-10T14:40:40.301+0800 [DEBUG] [org.gradle.cache.internal.DefaultPersistentDirectoryStore] artifact cache (C:\Users\Ronnel\Activity\caches\modules-2) has last been fully cleaned up 64 hours ago
2023-02-10T14:40:40.302+0800 [INFO] [org.gradle.cache.internal.AbstractCacheCleanup] artifact cache (C:\Users\Ronnel\Activity\caches\modules-2) cleanup deleted 0 files/directories.
2023-02-10T14:40:40.304+0800 [INFO] [org.gradle.cache.internal.AbstractCacheCleanup] artifact cache (C:\Users\Ronnel\Activity\caches\modules-2) [subdir: C:\Users\Ronnel\Activity\caches\modules-2\resources-2.1] cleanup deleted 0 files/directories.
2023-02-10T14:40:40.304+0800 [INFO] [org.gradle.cache.internal.LeastRecentlyUsedCacheCleanup] artifact cache (C:\Users\Ronnel\Activity\caches\modules-2) [subdir: C:\Users\Ronnel\Activity\caches\modules-2\resources-2.1] removing files not accessed on or after Wed Jan 11 14:40:13 CST 2023.
2023-02-10T14:40:40.304+0800 [INFO] [org.gradle.cache.internal.AbstractCacheCleanup] artifact cache (C:\Users\Ronnel\Activity\caches\modules-2) [subdir: C:\Users\Ronnel\Activity\caches\modules-2\resources-2.1] cleanup deleted 0 files/directories.
2023-02-10T14:40:40.305+0800 [INFO] [org.gradle.cache.internal.AbstractCacheCleanup] artifact cache (C:\Users\Ronnel\Activity\caches\modules-2) [subdir: C:\Users\Ronnel\Activity\caches\modules-2\files-2.1] cleanup deleted 0 files/directories.
2023-02-10T14:40:40.305+0800 [INFO] [org.gradle.cache.internal.LeastRecentlyUsedCacheCleanup] artifact cache (C:\Users\Ronnel\Activity\caches\modules-2) [subdir: C:\Users\Ronnel\Activity\caches\modules-2\files-2.1] removing files not accessed on or after Wed Jan 11 14:40:13 CST 2023.
2023-02-10T14:40:40.472+0800 [INFO] [org.gradle.cache.internal.AbstractCacheCleanup] artifact cache (C:\Users\Ronnel\Activity\caches\modules-2) [subdir: C:\Users\Ronnel\Activity\caches\modules-2\files-2.1] cleanup deleted 0 files/directories.
2023-02-10T14:40:40.473+0800 [INFO] [org.gradle.cache.internal.AbstractCacheCleanup] artifact cache (C:\Users\Ronnel\Activity\caches\modules-2) [subdir: C:\Users\Ronnel\Activity\caches\modules-2\metadata-2.99] cleanup deleted 0 files/directories.
2023-02-10T14:40:40.474+0800 [INFO] [org.gradle.cache.internal.DefaultPersistentDirectoryStore] artifact cache (C:\Users\Ronnel\Activity\caches\modules-2) cleaned up in 0.172 secs.
2023-02-10T14:40:40.474+0800 [DEBUG] [org.gradle.cache.internal.DefaultCacheAccess] Cache artifact cache (C:\Users\Ronnel\Activity\caches\modules-2) was closed 2 times.
2023-02-10T14:40:40.474+0800 [DEBUG] [org.gradle.cache.internal.LockOnDemandCrossProcessCacheAccess] Releasing file lock for journal cache (C:\Users\Ronnel\Activity\caches\journal-1)
2023-02-10T14:40:40.474+0800 [DEBUG] [org.gradle.cache.internal.btree.BTreePersistentIndexedCache] Closing cache file-access.bin (C:\Users\Ronnel\Activity\caches\journal-1\file-access.bin)
2023-02-10T14:40:40.474+0800 [DEBUG] [org.gradle.cache.internal.DefaultFileLockManager] Releasing lock on journal cache (C:\Users\Ronnel\Activity\caches\journal-1).
2023-02-10T14:40:40.475+0800 [DEBUG] [org.gradle.cache.internal.locklistener.FileLockCommunicator] Confirming lock release to Gradle process at port 52050 for lock with id -2121393934366411035.
2023-02-10T14:40:40.475+0800 [DEBUG] [org.gradle.cache.internal.locklistener.FileLockCommunicator] Confirming lock release to Gradle process at port 52050 for lock with id -2121393934366411035.
2023-02-10T14:40:40.476+0800 [DEBUG] [org.gradle.cache.internal.DefaultCacheAccess] Cache journal cache (C:\Users\Ronnel\Activity\caches\journal-1) was closed 5 times.
2023-02-10T14:40:40.476+0800 [DEBUG] [org.gradle.cache.internal.DefaultCacheAccess] Cache file hash cache (C:\Users\Ronnel\Activity\caches\7.5\fileHashes) was closed 4 times.
2023-02-10T14:40:40.484+0800 [DEBUG] [org.gradle.cache.internal.VersionSpecificCacheCleanupAction] Processed version-specific caches at C:\Users\Ronnel\Activity\caches for cleanup in 0.006 secs
Daemon vm is shutting down... The daemon has exited normally or was terminated in response to a user interrupt.
2023-02-10T14:40:40.495+0800 [DEBUG] [org.gradle.launcher.daemon.registry.PersistentDaemonRegistry] Removing daemon address: [5f0cfd66-68c8-4edf-8ec8-f1ff2b272b61 port:61243, addresses:[localhost/127.0.0.1]]
2023-02-10T14:40:40.496+0800 [DEBUG] [org.gradle.cache.internal.DefaultFileLockManager] Waiting to acquire exclusive lock on daemon addresses registry.
2023-02-10T14:40:40.497+0800 [DEBUG] [org.gradle.cache.internal.DefaultFileLockManager] Lock acquired on daemon addresses registry.
2023-02-10T14:40:40.498+0800 [DEBUG] [org.gradle.cache.internal.DefaultFileLockManager] Releasing lock on daemon addresses registry.
